<?xml version="1.0" encoding="UTF-8"?>
<!-- Generated by org.testng.reporters.JUnitReportReporter -->
<testsuite hostname="ShAmIm" failures="0" tests="3" name="com.costco.qa.tests.HomePageTest" time="0.564" errors="0" timestamp="21 Sep 2020 01:45:15 GMT" skipped="0">
  <testcase classname="com.costco.qa.tests.HomePageTest" name="testSearchField" time="0.456"/>
  <testcase classname="com.costco.qa.tests.HomePageTest" name="verifyHomePageTitleTest" time="0.020"/>
  <testcase classname="com.costco.qa.tests.HomePageTest" name="verifyHomePageAppLogo" time="0.088"/>
</testsuite> <!-- com.costco.qa.tests.HomePageTest -->
